Start testing: Apr 14 02:25 CDT
----------------------------------------------------------
1/10 Testing: QualityServiceTest.GradeBoundaries
1/10 Test: QualityServiceTest.GradeBoundaries
Command: "/home/rasmus/Code/VM-REPO/Blackbox/Blackbox-test/build/quality_service_tests" "--gtest_filter=QualityServiceTest.GradeBoundaries" "--gtest_also_run_disabled_tests"
Directory: /home/rasmus/Code/VM-REPO/Blackbox/Blackbox-test/build
"QualityServiceTest.GradeBoundaries" start time: Apr 14 02:25 CDT
Output:
----------------------------------------------------------
Running main() from /home/rasmus/Code/VM-REPO/Blackbox/Blackbox-test/build/_deps/googletest-src/googletest/src/gtest_main.cc
Note: Google Test filter = QualityServiceTest.GradeBoundaries
[==========] Running 1 test from 1 test suite.
[----------] Global test environment set-up.
[----------] 1 test from QualityServiceTest
[ RUN      ] QualityServiceTest.GradeBoundaries
score is 90
score is 80
score is 70
score is 60
/home/rasmus/Code/VM-REPO/Blackbox/Blackbox-test/tests/quality_service_test.cpp:13: Failure
Expected equality of these values:
  service.calculateGrade(60)
    Which is: "F"
  "D"

[  FAILED  ] QualityServiceTest.GradeBoundaries (0 ms)
[----------] 1 test from QualityServiceTest (0 ms total)

[----------] Global test environment tear-down
[==========] 1 test from 1 test suite ran. (0 ms total)
[  PASSED  ] 0 tests.
[  FAILED  ] 1 test, listed below:
[  FAILED  ] QualityServiceTest.GradeBoundaries

 1 FAILED TEST
<end of output>
Test time =   0.01 sec
----------------------------------------------------------
Test Failed.
"QualityServiceTest.GradeBoundaries" end time: Apr 14 02:25 CDT
"QualityServiceTest.GradeBoundaries" time elapsed: 00:00:00
----------------------------------------------------------

2/10 Testing: QualityServiceTest.DiscountBoundaries
2/10 Test: QualityServiceTest.DiscountBoundaries
Command: "/home/rasmus/Code/VM-REPO/Blackbox/Blackbox-test/build/quality_service_tests" "--gtest_filter=QualityServiceTest.DiscountBoundaries" "--gtest_also_run_disabled_tests"
Directory: /home/rasmus/Code/VM-REPO/Blackbox/Blackbox-test/build
"QualityServiceTest.DiscountBoundaries" start time: Apr 14 02:25 CDT
Output:
----------------------------------------------------------
Running main() from /home/rasmus/Code/VM-REPO/Blackbox/Blackbox-test/build/_deps/googletest-src/googletest/src/gtest_main.cc
Note: Google Test filter = QualityServiceTest.DiscountBoundaries
[==========] Running 1 test from 1 test suite.
[----------] Global test environment set-up.
[----------] 1 test from QualityServiceTest
[ RUN      ] QualityServiceTest.DiscountBoundaries
/home/rasmus/Code/VM-REPO/Blackbox/Blackbox-test/tests/quality_service_test.cpp:17: Failure
Expected equality of these values:
  service.calculateDiscount({1000, false, "", false, 12})
    Which is: 30
  20

[  FAILED  ] QualityServiceTest.DiscountBoundaries (0 ms)
[----------] 1 test from QualityServiceTest (0 ms total)

[----------] Global test environment tear-down
[==========] 1 test from 1 test suite ran. (0 ms total)
[  PASSED  ] 0 tests.
[  FAILED  ] 1 test, listed below:
[  FAILED  ] QualityServiceTest.DiscountBoundaries

 1 FAILED TEST
<end of output>
Test time =   0.01 sec
----------------------------------------------------------
Test Failed.
"QualityServiceTest.DiscountBoundaries" end time: Apr 14 02:25 CDT
"QualityServiceTest.DiscountBoundaries" time elapsed: 00:00:00
----------------------------------------------------------

3/10 Testing: QualityServiceTest.DiscountNone
3/10 Test: QualityServiceTest.DiscountNone
Command: "/home/rasmus/Code/VM-REPO/Blackbox/Blackbox-test/build/quality_service_tests" "--gtest_filter=QualityServiceTest.DiscountNone" "--gtest_also_run_disabled_tests"
Directory: /home/rasmus/Code/VM-REPO/Blackbox/Blackbox-test/build
"QualityServiceTest.DiscountNone" start time: Apr 14 02:25 CDT
Output:
----------------------------------------------------------
Running main() from /home/rasmus/Code/VM-REPO/Blackbox/Blackbox-test/build/_deps/googletest-src/googletest/src/gtest_main.cc
Note: Google Test filter = QualityServiceTest.DiscountNone
[==========] Running 1 test from 1 test suite.
[----------] Global test environment set-up.
[----------] 1 test from QualityServiceTest
[ RUN      ] QualityServiceTest.DiscountNone
/home/rasmus/Code/VM-REPO/Blackbox/Blackbox-test/tests/quality_service_test.cpp:22: Failure
Expected equality of these values:
  service.calculateDiscount({600, false, "", false, 12})
    Which is: 20
  0

[  FAILED  ] QualityServiceTest.DiscountNone (0 ms)
[----------] 1 test from QualityServiceTest (0 ms total)

[----------] Global test environment tear-down
[==========] 1 test from 1 test suite ran. (0 ms total)
[  PASSED  ] 0 tests.
[  FAILED  ] 1 test, listed below:
[  FAILED  ] QualityServiceTest.DiscountNone

 1 FAILED TEST
<end of output>
Test time =   0.01 sec
----------------------------------------------------------
Test Failed.
"QualityServiceTest.DiscountNone" end time: Apr 14 02:25 CDT
"QualityServiceTest.DiscountNone" time elapsed: 00:00:00
----------------------------------------------------------

4/10 Testing: QualityServiceTest.DiscountCombinationRules
4/10 Test: QualityServiceTest.DiscountCombinationRules
Command: "/home/rasmus/Code/VM-REPO/Blackbox/Blackbox-test/build/quality_service_tests" "--gtest_filter=QualityServiceTest.DiscountCombinationRules" "--gtest_also_run_disabled_tests"
Directory: /home/rasmus/Code/VM-REPO/Blackbox/Blackbox-test/build
"QualityServiceTest.DiscountCombinationRules" start time: Apr 14 02:25 CDT
Output:
----------------------------------------------------------
Running main() from /home/rasmus/Code/VM-REPO/Blackbox/Blackbox-test/build/_deps/googletest-src/googletest/src/gtest_main.cc
Note: Google Test filter = QualityServiceTest.DiscountCombinationRules
[==========] Running 1 test from 1 test suite.
[----------] Global test environment set-up.
[----------] 1 test from QualityServiceTest
[ RUN      ] QualityServiceTest.DiscountCombinationRules
[       OK ] QualityServiceTest.DiscountCombinationRules (0 ms)
[----------] 1 test from QualityServiceTest (0 ms total)

[----------] Global test environment tear-down
[==========] 1 test from 1 test suite ran. (0 ms total)
[  PASSED  ] 1 test.
<end of output>
Test time =   0.01 sec
----------------------------------------------------------
Test Passed.
"QualityServiceTest.DiscountCombinationRules" end time: Apr 14 02:25 CDT
"QualityServiceTest.DiscountCombinationRules" time elapsed: 00:00:00
----------------------------------------------------------

5/10 Testing: QualityServiceTest.BookingRules
5/10 Test: QualityServiceTest.BookingRules
Command: "/home/rasmus/Code/VM-REPO/Blackbox/Blackbox-test/build/quality_service_tests" "--gtest_filter=QualityServiceTest.BookingRules" "--gtest_also_run_disabled_tests"
Directory: /home/rasmus/Code/VM-REPO/Blackbox/Blackbox-test/build
"QualityServiceTest.BookingRules" start time: Apr 14 02:25 CDT
Output:
----------------------------------------------------------
Running main() from /home/rasmus/Code/VM-REPO/Blackbox/Blackbox-test/build/_deps/googletest-src/googletest/src/gtest_main.cc
Note: Google Test filter = QualityServiceTest.BookingRules
[==========] Running 1 test from 1 test suite.
[----------] Global test environment set-up.
[----------] 1 test from QualityServiceTest
[ RUN      ] QualityServiceTest.BookingRules
[       OK ] QualityServiceTest.BookingRules (0 ms)
[----------] 1 test from QualityServiceTest (0 ms total)

[----------] Global test environment tear-down
[==========] 1 test from 1 test suite ran. (0 ms total)
[  PASSED  ] 1 test.
<end of output>
Test time =   0.01 sec
----------------------------------------------------------
Test Passed.
"QualityServiceTest.BookingRules" end time: Apr 14 02:25 CDT
"QualityServiceTest.BookingRules" time elapsed: 00:00:00
----------------------------------------------------------

6/10 Testing: QualityServiceTest.BookingValidScenario
6/10 Test: QualityServiceTest.BookingValidScenario
Command: "/home/rasmus/Code/VM-REPO/Blackbox/Blackbox-test/build/quality_service_tests" "--gtest_filter=QualityServiceTest.BookingValidScenario" "--gtest_also_run_disabled_tests"
Directory: /home/rasmus/Code/VM-REPO/Blackbox/Blackbox-test/build
"QualityServiceTest.BookingValidScenario" start time: Apr 14 02:25 CDT
Output:
----------------------------------------------------------
Running main() from /home/rasmus/Code/VM-REPO/Blackbox/Blackbox-test/build/_deps/googletest-src/googletest/src/gtest_main.cc
Note: Google Test filter = QualityServiceTest.BookingValidScenario
[==========] Running 1 test from 1 test suite.
[----------] Global test environment set-up.
[----------] 1 test from QualityServiceTest
[ RUN      ] QualityServiceTest.BookingValidScenario
[       OK ] QualityServiceTest.BookingValidScenario (0 ms)
[----------] 1 test from QualityServiceTest (0 ms total)

[----------] Global test environment tear-down
[==========] 1 test from 1 test suite ran. (0 ms total)
[  PASSED  ] 1 test.
<end of output>
Test time =   0.01 sec
----------------------------------------------------------
Test Passed.
"QualityServiceTest.BookingValidScenario" end time: Apr 14 02:25 CDT
"QualityServiceTest.BookingValidScenario" time elapsed: 00:00:00
----------------------------------------------------------

7/10 Testing: QualityServiceTest.UsernameRules
7/10 Test: QualityServiceTest.UsernameRules
Command: "/home/rasmus/Code/VM-REPO/Blackbox/Blackbox-test/build/quality_service_tests" "--gtest_filter=QualityServiceTest.UsernameRules" "--gtest_also_run_disabled_tests"
Directory: /home/rasmus/Code/VM-REPO/Blackbox/Blackbox-test/build
"QualityServiceTest.UsernameRules" start time: Apr 14 02:25 CDT
Output:
----------------------------------------------------------
Running main() from /home/rasmus/Code/VM-REPO/Blackbox/Blackbox-test/build/_deps/googletest-src/googletest/src/gtest_main.cc
Note: Google Test filter = QualityServiceTest.UsernameRules
[==========] Running 1 test from 1 test suite.
[----------] Global test environment set-up.
[----------] 1 test from QualityServiceTest
[ RUN      ] QualityServiceTest.UsernameRules
/home/rasmus/Code/VM-REPO/Blackbox/Blackbox-test/tests/quality_service_test.cpp:43: Failure
Expected equality of these values:
  service.formatUsername("   ")
    Which is: ""
  "Ugyldig"

[  FAILED  ] QualityServiceTest.UsernameRules (0 ms)
[----------] 1 test from QualityServiceTest (0 ms total)

[----------] Global test environment tear-down
[==========] 1 test from 1 test suite ran. (0 ms total)
[  PASSED  ] 0 tests.
[  FAILED  ] 1 test, listed below:
[  FAILED  ] QualityServiceTest.UsernameRules

 1 FAILED TEST
<end of output>
Test time =   0.01 sec
----------------------------------------------------------
Test Failed.
"QualityServiceTest.UsernameRules" end time: Apr 14 02:25 CDT
"QualityServiceTest.UsernameRules" time elapsed: 00:00:00
----------------------------------------------------------

8/10 Testing: QualityServiceTest.UsernameSingleChar
8/10 Test: QualityServiceTest.UsernameSingleChar
Command: "/home/rasmus/Code/VM-REPO/Blackbox/Blackbox-test/build/quality_service_tests" "--gtest_filter=QualityServiceTest.UsernameSingleChar" "--gtest_also_run_disabled_tests"
Directory: /home/rasmus/Code/VM-REPO/Blackbox/Blackbox-test/build
"QualityServiceTest.UsernameSingleChar" start time: Apr 14 02:25 CDT
Output:
----------------------------------------------------------
Running main() from /home/rasmus/Code/VM-REPO/Blackbox/Blackbox-test/build/_deps/googletest-src/googletest/src/gtest_main.cc
Note: Google Test filter = QualityServiceTest.UsernameSingleChar
[==========] Running 1 test from 1 test suite.
[----------] Global test environment set-up.
[----------] 1 test from QualityServiceTest
[ RUN      ] QualityServiceTest.UsernameSingleChar
/home/rasmus/Code/VM-REPO/Blackbox/Blackbox-test/tests/quality_service_test.cpp:47: Failure
Expected equality of these values:
  service.formatUsername("a")
    Which is: "a"
  "A"

[  FAILED  ] QualityServiceTest.UsernameSingleChar (0 ms)
[----------] 1 test from QualityServiceTest (0 ms total)

[----------] Global test environment tear-down
[==========] 1 test from 1 test suite ran. (0 ms total)
[  PASSED  ] 0 tests.
[  FAILED  ] 1 test, listed below:
[  FAILED  ] QualityServiceTest.UsernameSingleChar

 1 FAILED TEST
<end of output>
Test time =   0.01 sec
----------------------------------------------------------
Test Failed.
"QualityServiceTest.UsernameSingleChar" end time: Apr 14 02:25 CDT
"QualityServiceTest.UsernameSingleChar" time elapsed: 00:00:00
----------------------------------------------------------

9/10 Testing: QualityServiceTest.SensorAverageUsesPreciseDivision
9/10 Test: QualityServiceTest.SensorAverageUsesPreciseDivision
Command: "/home/rasmus/Code/VM-REPO/Blackbox/Blackbox-test/build/quality_service_tests" "--gtest_filter=QualityServiceTest.SensorAverageUsesPreciseDivision" "--gtest_also_run_disabled_tests"
Directory: /home/rasmus/Code/VM-REPO/Blackbox/Blackbox-test/build
"QualityServiceTest.SensorAverageUsesPreciseDivision" start time: Apr 14 02:25 CDT
Output:
----------------------------------------------------------
Running main() from /home/rasmus/Code/VM-REPO/Blackbox/Blackbox-test/build/_deps/googletest-src/googletest/src/gtest_main.cc
Note: Google Test filter = QualityServiceTest.SensorAverageUsesPreciseDivision
[==========] Running 1 test from 1 test suite.
[----------] Global test environment set-up.
[----------] 1 test from QualityServiceTest
[ RUN      ] QualityServiceTest.SensorAverageUsesPreciseDivision
/home/rasmus/Code/VM-REPO/Blackbox/Blackbox-test/tests/quality_service_test.cpp:51: Failure
Expected equality of these values:
  service.calculateSensorAverage({1, 2})
    Which is: 1
  1.5

[  FAILED  ] QualityServiceTest.SensorAverageUsesPreciseDivision (0 ms)
[----------] 1 test from QualityServiceTest (0 ms total)

[----------] Global test environment tear-down
[==========] 1 test from 1 test suite ran. (0 ms total)
[  PASSED  ] 0 tests.
[  FAILED  ] 1 test, listed below:
[  FAILED  ] QualityServiceTest.SensorAverageUsesPreciseDivision

 1 FAILED TEST
<end of output>
Test time =   0.01 sec
----------------------------------------------------------
Test Failed.
"QualityServiceTest.SensorAverageUsesPreciseDivision" end time: Apr 14 02:25 CDT
"QualityServiceTest.SensorAverageUsesPreciseDivision" time elapsed: 00:00:00
----------------------------------------------------------

10/10 Testing: QualityServiceTest.SensorHealthDetectsWarningAndUnstable
10/10 Test: QualityServiceTest.SensorHealthDetectsWarningAndUnstable
Command: "/home/rasmus/Code/VM-REPO/Blackbox/Blackbox-test/build/quality_service_tests" "--gtest_filter=QualityServiceTest.SensorHealthDetectsWarningAndUnstable" "--gtest_also_run_disabled_tests"
Directory: /home/rasmus/Code/VM-REPO/Blackbox/Blackbox-test/build
"QualityServiceTest.SensorHealthDetectsWarningAndUnstable" start time: Apr 14 02:25 CDT
Output:
----------------------------------------------------------
Running main() from /home/rasmus/Code/VM-REPO/Blackbox/Blackbox-test/build/_deps/googletest-src/googletest/src/gtest_main.cc
Note: Google Test filter = QualityServiceTest.SensorHealthDetectsWarningAndUnstable
[==========] Running 1 test from 1 test suite.
[----------] Global test environment set-up.
[----------] 1 test from QualityServiceTest
[ RUN      ] QualityServiceTest.SensorHealthDetectsWarningAndUnstable
/home/rasmus/Code/VM-REPO/Blackbox/Blackbox-test/tests/quality_service_test.cpp:61: Failure
Expected equality of these values:
  service.evaluateSensorHealth({10, 11, 12})
    Which is: "WARNING"
  "OK"

[  FAILED  ] QualityServiceTest.SensorHealthDetectsWarningAndUnstable (0 ms)
[----------] 1 test from QualityServiceTest (0 ms total)

[----------] Global test environment tear-down
[==========] 1 test from 1 test suite ran. (0 ms total)
[  PASSED  ] 0 tests.
[  FAILED  ] 1 test, listed below:
[  FAILED  ] QualityServiceTest.SensorHealthDetectsWarningAndUnstable

 1 FAILED TEST
<end of output>
Test time =   0.01 sec
----------------------------------------------------------
Test Failed.
"QualityServiceTest.SensorHealthDetectsWarningAndUnstable" end time: Apr 14 02:25 CDT
"QualityServiceTest.SensorHealthDetectsWarningAndUnstable" time elapsed: 00:00:00
----------------------------------------------------------

End testing: Apr 14 02:25 CDT
